<?xml version="1.0" encoding="UTF-8"?>
<!-- Generated by org.testng.reporters.JUnitXMLReporter -->
<testsuite ignored="0" hostname="DESKTOP-2KMD3NC" failures="1" tests="1" name="firefoxTest" time="6.031" errors="0" timestamp="29 Apr 2022 05:34:40 GMT">
  <testcase classname="testNG.CrossBrowser" name="TestBrw" time="5.952">
    <failure type="org.openqa.selenium.WebDriverException" message="Cannot find firefox binary in PATH. Make sure firefox is installed. OS appears to be: WIN10
Build info: version: &amp;apos;4.1.2&amp;apos;, revision: &amp;apos;9a5a329c5a&amp;apos;
System info: host: &amp;apos;DESKTOP-2KMD3NC&amp;apos;, ip: &amp;apos;192.168.30.253&amp;apos;, os.name: &amp;apos;Windows 10&amp;apos;, os.arch: &amp;apos;amd64&amp;apos;, os.version: &amp;apos;10.0&amp;apos;, java.version: &amp;apos;17.0.2&amp;apos;
Driver info: driver.version: FirefoxDriver">
      <![CDATA[org.openqa.selenium.WebDriverException: Cannot find firefox binary in PATH. Make sure firefox is installed. OS appears to be: WIN10
Build info: version: '4.1.2', revision: '9a5a329c5a'
System info: host: 'DESKTOP-2KMD3NC', ip: '192.168.30.253', os.name: 'Windows 10', os.arch: 'amd64', os.version: '10.0', java.version: '17.0.2'
Driver info: driver.version: FirefoxDriver
at org.openqa.selenium.firefox.FirefoxBinary.<init>(FirefoxBinary.java:95)
at java.base/java.util.Optional.orElseGet(Optional.java:364)
at org.openqa.selenium.firefox.FirefoxOptions.getBinary(FirefoxOptions.java:189)
at org.openqa.selenium.firefox.GeckoDriverService$Builder.withOptions(GeckoDriverService.java:179)
at org.openqa.selenium.firefox.FirefoxDriver.toExecutor(FirefoxDriver.java:176)
at org.openqa.selenium.firefox.FirefoxDriver.<init>(FirefoxDriver.java:125)
at org.openqa.selenium.firefox.FirefoxDriver.<init>(FirefoxDriver.java:106)
at testNG.CrossBrowser.TestBrw(CrossBrowser.java:27)
... Removed 25 stack frames]]>
    </failure>
  </testcase> <!-- TestBrw -->
</testsuite> <!-- firefoxTest -->
