<?xml version="1.0" encoding="UTF-8"?>
<!-- Generated by org.testng.reporters.JUnitXMLReporter -->
<testsuite ignored="0" hostname="DESKTOP-2KMD3NC" failures="1" tests="1" name="Test" time="29.958" errors="0" timestamp="30 Apr 2022 10:59:12 GMT">
  <testcase classname="testNG.AutomateByDemoQA" name="RegistrationForm" time="29.772">
    <failure type="org.openqa.selenium.support.ui.UnexpectedTagNameException" message="Element should have been &amp;quot;select&amp;quot; but was &amp;quot;input&amp;quot;
Build info: version: &amp;apos;4.1.2&amp;apos;, revision: &amp;apos;9a5a329c5a&amp;apos;
System info: host: &amp;apos;DESKTOP-2KMD3NC&amp;apos;, ip: &amp;apos;192.168.30.253&amp;apos;, os.name: &amp;apos;Windows 10&amp;apos;, os.arch: &amp;apos;amd64&amp;apos;, os.version: &amp;apos;10.0&amp;apos;, java.version: &amp;apos;17.0.2&amp;apos;
Driver info: driver.version: unknown">
      <![CDATA[org.openqa.selenium.support.ui.UnexpectedTagNameException: Element should have been "select" but was "input"
Build info: version: '4.1.2', revision: '9a5a329c5a'
System info: host: 'DESKTOP-2KMD3NC', ip: '192.168.30.253', os.name: 'Windows 10', os.arch: 'amd64', os.version: '10.0', java.version: '17.0.2'
Driver info: driver.version: unknown
at org.openqa.selenium.support.ui.Select.<init>(Select.java:49)
at testNG.AutomateByDemoQA.RegistrationForm(AutomateByDemoQA.java:27)
... Removed 25 stack frames]]>
    </failure>
  </testcase> <!-- RegistrationForm -->
</testsuite> <!-- Test -->
