<?xml version="1.0" encoding="UTF-8"?>
<testng-results ignored="0" total="1" passed="0" failed="1" skipped="0">
  <reporter-output>
  </reporter-output>
  <suite started-at="2022-04-30T10:58:42Z" name="Suite" finished-at="2022-04-30T10:59:12Z" duration-ms="29958">
    <groups>
    </groups>
    <test started-at="2022-04-30T10:58:42Z" name="Test" finished-at="2022-04-30T10:59:12Z" duration-ms="29958">
      <class name="testNG.AutomateByDemoQA">
        <test-method signature="RegistrationForm(java.lang.String, java.lang.String, java.lang.String, java.lang.String)[pri:0, instance:testNG.AutomateByDemoQA@6d167f58]" started-at="2022-04-30T10:58:42Z" name="RegistrationForm" finished-at="2022-04-30T10:59:12Z" duration-ms="29772" status="FAIL">
          <params>
            <param index="0">
              <value>
                <![CDATA[sathya]]>
              </value>
            </param>
            <param index="1">
              <value>
                <![CDATA[saki]]>
              </value>
            </param>
            <param index="2">
              <value>
                <![CDATA[sathyasaki2595@gmail.com]]>
              </value>
            </param>
            <param index="3">
              <value>
                <![CDATA[9940742148]]>
              </value>
            </param>
          </params>
          <exception class="org.openqa.selenium.support.ui.UnexpectedTagNameException">
            <message>
              <![CDATA[Element should have been "select" but was "input"
Build info: version: '4.1.2', revision: '9a5a329c5a'
System info: host: 'DESKTOP-2KMD3NC', ip: '192.168.30.253', os.name: 'Windows 10', os.arch: 'amd64', os.version: '10.0', java.version: '17.0.2'
Driver info: driver.version: unknown]]>
            </message>
            <full-stacktrace>
              <![CDATA[org.openqa.selenium.support.ui.UnexpectedTagNameException: Element should have been "select" but was "input"
Build info: version: '4.1.2', revision: '9a5a329c5a'
System info: host: 'DESKTOP-2KMD3NC', ip: '192.168.30.253', os.name: 'Windows 10', os.arch: 'amd64', os.version: '10.0', java.version: '17.0.2'
Driver info: driver.version: unknown
at org.openqa.selenium.support.ui.Select.<init>(Select.java:49)
at testNG.AutomateByDemoQA.RegistrationForm(AutomateByDemoQA.java:27)
at java.base/jdk.internal.reflect.NativeMethodAccessorImpl.invoke0(Native Method)
at java.base/jdk.internal.reflect.NativeMethodAccessorImpl.invoke(NativeMethodAccessorImpl.java:77)
at java.base/jdk.internal.reflect.DelegatingMethodAccessorImpl.invoke(DelegatingMethodAccessorImpl.java:43)
at java.base/java.lang.reflect.Method.invoke(Method.java:568)
at org.testng.internal.MethodInvocationHelper.invokeMethod(MethodInvocationHelper.java:124)
at org.testng.internal.Invoker.invokeMethod(Invoker.java:583)
at org.testng.internal.Invoker.invokeTestMethod(Invoker.java:719)
at org.testng.internal.Invoker.invokeTestMethods(Invoker.java:989)
at org.testng.internal.TestMethodWorker.invokeTestMethods(TestMethodWorker.java:125)
at org.testng.internal.TestMethodWorker.run(TestMethodWorker.java:109)
at org.testng.TestRunner.privateRun(TestRunner.java:648)
at org.testng.TestRunner.run(TestRunner.java:505)
at org.testng.SuiteRunner.runTest(SuiteRunner.java:455)
at org.testng.SuiteRunner.runSequentially(SuiteRunner.java:450)
at org.testng.SuiteRunner.privateRun(SuiteRunner.java:415)
at org.testng.SuiteRunner.run(SuiteRunner.java:364)
at org.testng.SuiteRunnerWorker.runSuite(SuiteRunnerWorker.java:52)
at org.testng.SuiteRunnerWorker.run(SuiteRunnerWorker.java:84)
at org.testng.TestNG.runSuitesSequentially(TestNG.java:1208)
at org.testng.TestNG.runSuitesLocally(TestNG.java:1137)
at org.testng.TestNG.runSuites(TestNG.java:1049)
at org.testng.TestNG.run(TestNG.java:1017)
at org.testng.remote.AbstractRemoteTestNG.run(AbstractRemoteTestNG.java:115)
at org.testng.remote.RemoteTestNG.initAndRun(RemoteTestNG.java:251)
at org.testng.remote.RemoteTestNG.main(RemoteTestNG.java:77)
]]>
            </full-stacktrace>
          </exception> <!-- org.openqa.selenium.support.ui.UnexpectedTagNameException -->
          <reporter-output>
          </reporter-output>
        </test-method> <!-- RegistrationForm -->
      </class> <!-- testNG.AutomateByDemoQA -->
    </test> <!-- Test -->
  </suite> <!-- Suite -->
</testng-results>
